#
# A fatal error has been detected by the Java Runtime Environment:
#
#  EXCEPTION_UNCAUGHT_CXX_EXCEPTION (0xe06d7363) at pc=0x00007fff0d6a3e49, pid=13944, tid=0x00000000000055e0
#
# JRE version: Java(TM) SE Runtime Environment (8.0_231-b11) (build 1.8.0_231-b11)
# Java VM: Java HotSpot(TM) 64-Bit Server VM (25.231-b11 mixed mode windows-amd64 compressed oops)
# Problematic frame:
# C  [KERNELBASE.dll+0x23e49]
#
# Failed to write core dump. Minidumps are not enabled by default on client versions of Windows
#
# If you would like to submit a bug report, please visit:
#   http://bugreport.java.com/bugreport/crash.jsp
# The crash happened outside the Java Virtual Machine in native code.
# See problematic frame for where to report the bug.
#

---------------  T H R E A D  ---------------

Current thread (0x000001df83972800):  JavaThread "main" [_thread_in_native, id=21984, stack(0x00000083cfe00000,0x00000083cfff0000)]

siginfo: ExceptionCode=0xe06d7363, ExceptionInformation=0x0000000019930520 0x00000083cffe7460 0x00007ffeeb772518 0x00007ffeeb6e0000 

Registers:
RAX=0x000001df825926b0, RBX=0x00007ffeeb772518, RCX=0x000001df81f8c4d0, RDX=0x000001df839729f8
RSP=0x00000083cffe7290, RBP=0x00000083cffe73d0, RSI=0x000001df824e2980, RDI=0x00000083cffe7460
R8 =0x0000000000000000, R9 =0x0000000000000000, R10=0x00000083cffe6b60, R11=0x00000083cffe6cc0
R12=0x00000083cffe75e8, R13=0x000001df825926b0, R14=0x000001df83900e58, R15=0x0000000000000000
RIP=0x00007fff0d6a3e49, EFLAGS=0x0000000000000202

Top of Stack: (sp=0x00000083cffe7290)
0x00000083cffe7290:   0000000000000000 00007ffeeb772518
0x00000083cffe72a0:   000001df824e2980 00000083cffe73a0
0x00000083cffe72b0:   00000001e06d7363 0000000000000000
0x00000083cffe72c0:   00007fff0d6a3e49 0000000000000004
0x00000083cffe72d0:   0000000019930520 00000083cffe7460
0x00000083cffe72e0:   00007ffeeb772518 00007ffeeb6e0000
0x00000083cffe72f0:   000001df825926b0 00000083cffe75e8
0x00000083cffe7300:   000001df824e2980 00000083cffe73d0
0x00000083cffe7310:   00000083cffe73e0 00007fff0fb766af
0x00000083cffe7320:   00000083cffe7460 000001df00000000
0x00000083cffe7330:   000001dffd2a0000 00007ffe00000000
0x00000083cffe7340:   00007ffeeb77a000 00007ffeeb6e0000
0x00000083cffe7350:   0000307829f2f5c4 00007ffeeb6e24ec
0x00000083cffe7360:   00007ffeeb772518 00007fff02b6486d
0x00000083cffe7370:   0000000000000000 000001df825926b0
0x00000083cffe7380:   00000083cffe7420 00000083cffe7559 

Instructions: (pc=0x00007fff0d6a3e49)
0x00007fff0d6a3e29:   8b d1 44 0f 47 c0 44 89 44 24 38 49 c1 e0 03 e8
0x00007fff0d6a3e39:   da c5 06 00 48 8d 4c 24 20 48 ff 15 ff ab 19 00
0x00007fff0d6a3e49:   0f 1f 44 00 00 48 8b 8c 24 c0 00 00 00 48 33 cc
0x00007fff0d6a3e59:   e8 32 8c 06 00 48 81 c4 d8 00 00 00 c3 cc 83 64 


Register to memory mapping:

RAX=0x000001df825926b0 is an unknown value
RBX=0x00007ffeeb772518 is an unknown value
RCX=0x000001df81f8c4d0 is an unknown value
RDX=0x000001df839729f8 is an unknown value
RSP=0x00000083cffe7290 is pointing into the stack for thread: 0x000001df83972800
RBP=0x00000083cffe73d0 is pointing into the stack for thread: 0x000001df83972800
RSI=0x000001df824e2980 is an unknown value
RDI=0x00000083cffe7460 is pointing into the stack for thread: 0x000001df83972800
R8 =0x0000000000000000 is an unknown value
R9 =0x0000000000000000 is an unknown value
R10=0x00000083cffe6b60 is pointing into the stack for thread: 0x000001df83972800
R11=0x00000083cffe6cc0 is pointing into the stack for thread: 0x000001df83972800
R12=0x00000083cffe75e8 is pointing into the stack for thread: 0x000001df83972800
R13=0x000001df825926b0 is an unknown value
R14=0x000001df83900e58 is an unknown value
R15=0x0000000000000000 is an unknown value


Stack: [0x00000083cfe00000,0x00000083cfff0000],  sp=0x00000083cffe7290,  free space=1948k
Native frames: (J=compiled Java code, j=interpreted, Vv=VM code, C=native code)
C  [KERNELBASE.dll+0x23e49]
C  [VCRUNTIME140.dll+0x486d]
C  [_jpype.cp37-win_amd64.pyd+0x45037]
C  [_jpype.cp37-win_amd64.pyd+0x4de88]
C  [_jpype.cp37-win_amd64.pyd+0x42a55]
C  0x000001df83a998ee

Java frames: (J=compiled Java code, j=interpreted, Vv=VM code)
j  org.jpype.manager.TypeFactoryNative.newWrapper(JJ)V+0
j  org.jpype.JPypeContext.newWrapper(J)V+16
v  ~StubRoutines::call_stub
j  org.jpype.manager.TypeFactoryNative.newWrapper(JJ)V+0
j  org.jpype.JPypeContext.newWrapper(J)V+16
v  ~StubRoutines::call_stub
j  org.jpype.manager.TypeFactoryNative.newWrapper(JJ)V+0
j  org.jpype.JPypeContext.newWrapper(J)V+16
v  ~StubRoutines::call_stub
j  org.jpype.manager.TypeFactoryNative.newWrapper(JJ)V+0
j  org.jpype.JPypeContext.newWrapper(J)V+16
v  ~StubRoutines::call_stub

---------------  P R O C E S S  ---------------

Java Threads: ( => current thread )
  0x000001df96fac800 JavaThread "Python Reference Queue" daemon [_thread_blocked, id=22412, stack(0x00000083d3820000,0x00000083d3a10000)]
  0x000001df96e60800 JavaThread "Service Thread" daemon [_thread_blocked, id=13244, stack(0x00000083d3440000,0x00000083d3630000)]
  0x000001df96de1800 JavaThread "C1 CompilerThread2" daemon [_thread_blocked, id=6760, stack(0x00000083d3250000,0x00000083d3440000)]
  0x000001df95dc6800 JavaThread "C2 CompilerThread1" daemon [_thread_blocked, id=17308, stack(0x00000083d3060000,0x00000083d3250000)]
  0x000001df95dc4000 JavaThread "C2 CompilerThread0" daemon [_thread_blocked, id=13124, stack(0x00000083d2e70000,0x00000083d3060000)]
  0x000001df95dc3800 JavaThread "Attach Listener" daemon [_thread_blocked, id=13176, stack(0x00000083d2c80000,0x00000083d2e70000)]
  0x000001df95d80000 JavaThread "Signal Dispatcher" daemon [_thread_blocked, id=10864, stack(0x00000083d2a90000,0x00000083d2c80000)]
  0x000001df83a68800 JavaThread "Finalizer" daemon [_thread_blocked, id=14504, stack(0x00000083d28a0000,0x00000083d2a90000)]
  0x000001df83a63000 JavaThread "Reference Handler" daemon [_thread_blocked, id=18600, stack(0x00000083d26b0000,0x00000083d28a0000)]
=>0x000001df83972800 JavaThread "main" [_thread_in_native, id=21984, stack(0x00000083cfe00000,0x00000083cfff0000)]

Other Threads:
  0x000001df95d38000 VMThread [stack: 0x00000083d24c0000,0x00000083d26b0000] [id=13996]
  0x000001df96e63800 WatcherThread [stack: 0x00000083d3630000,0x00000083d3820000] [id=19832]

VM state:not at safepoint (normal execution)

VM Mutex/Monitor currently owned by a thread: None

heap address: 0x00000000c0000000, size: 1024 MB, Compressed Oops mode: 32-bit
Narrow klass base: 0x0000000000000000, Narrow klass shift: 3
Compressed class space size: 1073741824 Address: 0x0000000100000000

Heap:
 PSYoungGen      total 327168K, used 183399K [0x00000000eab00000, 0x0000000100000000, 0x0000000100000000)
  eden space 305152K, 60% used [0x00000000eab00000,0x00000000f5e19ef8,0x00000000fd500000)
  from space 22016K, 0% used [0x00000000fd500000,0x00000000fd500000,0x00000000fea80000)
  to   space 20992K, 0% used [0x00000000feb80000,0x00000000feb80000,0x0000000100000000)
 ParOldGen       total 76800K, used 63678K [0x00000000c0000000, 0x00000000c4b00000, 0x00000000eab00000)
  object space 76800K, 82% used [0x00000000c0000000,0x00000000c3e2fa10,0x00000000c4b00000)
 Metaspace       used 14004K, capacity 14636K, committed 14848K, reserved 1062912K
  class space    used 2077K, capacity 2249K, committed 2304K, reserved 1048576K

Card table byte_map: [0x000001df92e40000,0x000001df93050000] byte_map_base: 0x000001df92840000

Marking Bits: (ParMarkBitMap*) 0x000000006ae56d90
 Begin Bits: [0x000001df931b0000, 0x000001df941b0000)
 End Bits:   [0x000001df941b0000, 0x000001df951b0000)

Polling page: 0x000001df83950000

CodeCache: size=245760Kb used=10608Kb max_used=10649Kb free=235151Kb
 bounds [0x000001df83a80000, 0x000001df84580000, 0x000001df92a80000]
 total_blobs=3407 nmethods=3038 adapters=282
 compilation: enabled

Compilation events (10 events):
Event: 15.531 Thread 0x000001df95dc6800 nmethod 3501 0x000001df83c4cd90 code [0x000001df83c4cf00, 0x000001df83c4d078]
Event: 15.533 Thread 0x000001df95dc4000 nmethod 3498 0x000001df83c30350 code [0x000001df83c304e0, 0x000001df83c307f8]
Event: 15.533 Thread 0x000001df95dc6800 3503       4       scala.runtime.BoxesRunTime::equalsNumObject (52 bytes)
Event: 15.534 Thread 0x000001df95dc4000 3504       4       scala.runtime.BoxesRunTime::equalsNumNum (163 bytes)
Event: 15.535 Thread 0x000001df95dc6800 nmethod 3503 0x000001df83f87dd0 code [0x000001df83f87f20, 0x000001df83f87fd8]
Event: 15.535 Thread 0x000001df95dc4000 nmethod 3504 0x000001df83f87a50 code [0x000001df83f87ba0, 0x000001df83f87c78]
Event: 15.541 Thread 0x000001df96de1800 3505       3       java.util.TreeMap::successor (66 bytes)
Event: 15.541 Thread 0x000001df96de1800 nmethod 3505 0x000001df83fbaa90 code [0x000001df83fbac20, 0x000001df83fbaf98]
Event: 15.549 Thread 0x000001df96de1800 3506       3       org.jpype.manager.TypeManager::createMethods (380 bytes)
Event: 15.551 Thread 0x000001df96de1800 nmethod 3506 0x000001df83fdb910 code [0x000001df83fdbc80, 0x000001df83fddbc0]

GC Heap History (10 events):
Event: 13.729 GC heap before
{Heap before GC invocations=30 (full 11):
 PSYoungGen      total 328704K, used 18016K [0x00000000eab00000, 0x0000000100000000, 0x0000000100000000)
  eden space 310272K, 0% used [0x00000000eab00000,0x00000000eab00000,0x00000000fda00000)
  from space 18432K, 97% used [0x00000000fda00000,0x00000000feb98008,0x00000000fec00000)
  to   space 20480K, 0% used [0x00000000fec00000,0x00000000fec00000,0x0000000100000000)
 ParOldGen       total 76800K, used 47272K [0x00000000c0000000, 0x00000000c4b00000, 0x00000000eab00000)
  object space 76800K, 61% used [0x00000000c0000000,0x00000000c2e2a060,0x00000000c4b00000)
 Metaspace       used 13727K, capacity 14318K, committed 14592K, reserved 1060864K
  class space    used 2048K, capacity 2212K, committed 2304K, reserved 1048576K
Event: 14.278 GC heap after
Heap after GC invocations=30 (full 11):
 PSYoungGen      total 328704K, used 0K [0x00000000eab00000, 0x0000000100000000, 0x0000000100000000)
  eden space 310272K, 0% used [0x00000000eab00000,0x00000000eab00000,0x00000000fda00000)
  from space 18432K, 0% used [0x00000000fda00000,0x00000000fda00000,0x00000000fec00000)
  to   space 20480K, 0% used [0x00000000fec00000,0x00000000fec00000,0x0000000100000000)
 ParOldGen       total 76800K, used 61345K [0x00000000c0000000, 0x00000000c4b00000, 0x00000000eab00000)
  object space 76800K, 79% used [0x00000000c0000000,0x00000000c3be8448,0x00000000c4b00000)
 Metaspace       used 13727K, capacity 14318K, committed 14592K, reserved 1060864K
  class space    used 2048K, capacity 2212K, committed 2304K, reserved 1048576K
}
Event: 14.340 GC heap before
{Heap before GC invocations=31 (full 11):
 PSYoungGen      total 328704K, used 31064K [0x00000000eab00000, 0x0000000100000000, 0x0000000100000000)
  eden space 310272K, 10% used [0x00000000eab00000,0x00000000ec956170,0x00000000fda00000)
  from space 18432K, 0% used [0x00000000fda00000,0x00000000fda00000,0x00000000fec00000)
  to   space 20480K, 0% used [0x00000000fec00000,0x00000000fec00000,0x0000000100000000)
 ParOldGen       total 76800K, used 61345K [0x00000000c0000000, 0x00000000c4b00000, 0x00000000eab00000)
  object space 76800K, 79% used [0x00000000c0000000,0x00000000c3be8448,0x00000000c4b00000)
 Metaspace       used 13729K, capacity 14318K, committed 14592K, reserved 1060864K
  class space    used 2048K, capacity 2212K, committed 2304K, reserved 1048576K
Event: 14.355 GC heap after
Heap after GC invocations=31 (full 11):
 PSYoungGen      total 325632K, used 4032K [0x00000000eab00000, 0x0000000100000000, 0x0000000100000000)
  eden space 305152K, 0% used [0x00000000eab00000,0x00000000eab00000,0x00000000fd500000)
  from space 20480K, 19% used [0x00000000fec00000,0x00000000feff0000,0x0000000100000000)
  to   space 22016K, 0% used [0x00000000fd500000,0x00000000fd500000,0x00000000fea80000)
 ParOldGen       total 76800K, used 61345K [0x00000000c0000000, 0x00000000c4b00000, 0x00000000eab00000)
  object space 76800K, 79% used [0x00000000c0000000,0x00000000c3be8448,0x00000000c4b00000)
 Metaspace       used 13729K, capacity 14318K, committed 14592K, reserved 1060864K
  class space    used 2048K, capacity 2212K, committed 2304K, reserved 1048576K
}
Event: 14.355 GC heap before
{Heap before GC invocations=32 (full 12):
 PSYoungGen      total 325632K, used 4032K [0x00000000eab00000, 0x0000000100000000, 0x0000000100000000)
  eden space 305152K, 0% used [0x00000000eab00000,0x00000000eab00000,0x00000000fd500000)
  from space 20480K, 19% used [0x00000000fec00000,0x00000000feff0000,0x0000000100000000)
  to   space 22016K, 0% used [0x00000000fd500000,0x00000000fd500000,0x00000000fea80000)
 ParOldGen       total 76800K, used 61345K [0x00000000c0000000, 0x00000000c4b00000, 0x00000000eab00000)
  object space 76800K, 79% used [0x00000000c0000000,0x00000000c3be8448,0x00000000c4b00000)
 Metaspace       used 13729K, capacity 14318K, committed 14592K, reserved 1060864K
  class space    used 2048K, capacity 2212K, committed 2304K, reserved 1048576K
Event: 14.667 GC heap after
Heap after GC invocations=32 (full 12):
 PSYoungGen      total 325632K, used 0K [0x00000000eab00000, 0x0000000100000000, 0x0000000100000000)
  eden space 305152K, 0% used [0x00000000eab00000,0x00000000eab00000,0x00000000fd500000)
  from space 20480K, 0% used [0x00000000fec00000,0x00000000fec00000,0x0000000100000000)
  to   space 22016K, 0% used [0x00000000fd500000,0x00000000fd500000,0x00000000fea80000)
 ParOldGen       total 76800K, used 60563K [0x00000000c0000000, 0x00000000c4b00000, 0x00000000eab00000)
  object space 76800K, 78% used [0x00000000c0000000,0x00000000c3b24dc8,0x00000000c4b00000)
 Metaspace       used 13729K, capacity 14318K, committed 14592K, reserved 1060864K
  class space    used 2048K, capacity 2212K, committed 2304K, reserved 1048576K
}
Event: 14.740 GC heap before
{Heap before GC invocations=33 (full 12):
 PSYoungGen      total 325632K, used 30551K [0x00000000eab00000, 0x0000000100000000, 0x0000000100000000)
  eden space 305152K, 10% used [0x00000000eab00000,0x00000000ec8d5f00,0x00000000fd500000)
  from space 20480K, 0% used [0x00000000fec00000,0x00000000fec00000,0x0000000100000000)
  to   space 22016K, 0% used [0x00000000fd500000,0x00000000fd500000,0x00000000fea80000)
 ParOldGen       total 76800K, used 60563K [0x00000000c0000000, 0x00000000c4b00000, 0x00000000eab00000)
  object space 76800K, 78% used [0x00000000c0000000,0x00000000c3b24dc8,0x00000000c4b00000)
 Metaspace       used 13730K, capacity 14318K, committed 14592K, reserved 1060864K
  class space    used 2048K, capacity 2212K, committed 2304K, reserved 1048576K
Event: 14.754 GC heap after
Heap after GC invocations=33 (full 12):
 PSYoungGen      total 327168K, used 3360K [0x00000000eab00000, 0x0000000100000000, 0x0000000100000000)
  eden space 305152K, 0% used [0x00000000eab00000,0x00000000eab00000,0x00000000fd500000)
  from space 22016K, 15% used [0x00000000fd500000,0x00000000fd848000,0x00000000fea80000)
  to   space 20992K, 0% used [0x00000000feb80000,0x00000000feb80000,0x0000000100000000)
 ParOldGen       total 76800K, used 60563K [0x00000000c0000000, 0x00000000c4b00000, 0x00000000eab00000)
  object space 76800K, 78% used [0x00000000c0000000,0x00000000c3b24dc8,0x00000000c4b00000)
 Metaspace       used 13730K, capacity 14318K, committed 14592K, reserved 1060864K
  class space    used 2048K, capacity 2212K, committed 2304K, reserved 1048576K
}
Event: 14.754 GC heap before
{Heap before GC invocations=34 (full 13):
 PSYoungGen      total 327168K, used 3360K [0x00000000eab00000, 0x0000000100000000, 0x0000000100000000)
  eden space 305152K, 0% used [0x00000000eab00000,0x00000000eab00000,0x00000000fd500000)
  from space 22016K, 15% used [0x00000000fd500000,0x00000000fd848000,0x00000000fea80000)
  to   space 20992K, 0% used [0x00000000feb80000,0x00000000feb80000,0x0000000100000000)
 ParOldGen       total 76800K, used 60563K [0x00000000c0000000, 0x00000000c4b00000, 0x00000000eab00000)
  object space 76800K, 78% used [0x00000000c0000000,0x00000000c3b24dc8,0x00000000c4b00000)
 Metaspace       used 13730K, capacity 14318K, committed 14592K, reserved 1060864K
  class space    used 2048K, capacity 2212K, committed 2304K, reserved 1048576K
Event: 14.942 GC heap after
Heap after GC invocations=34 (full 13):
 PSYoungGen      total 327168K, used 0K [0x00000000eab00000, 0x0000000100000000, 0x0000000100000000)
  eden space 305152K, 0% used [0x00000000eab00000,0x00000000eab00000,0x00000000fd500000)
  from space 22016K, 0% used [0x00000000fd500000,0x00000000fd500000,0x00000000fea80000)
  to   space 20992K, 0% used [0x00000000feb80000,0x00000000feb80000,0x0000000100000000)
 ParOldGen       total 76800K, used 63678K [0x00000000c0000000, 0x00000000c4b00000, 0x00000000eab00000)
  object space 76800K, 82% used [0x00000000c0000000,0x00000000c3e2fa10,0x00000000c4b00000)
 Metaspace       used 13730K, capacity 14318K, committed 14592K, reserved 1060864K
  class space    used 2048K, capacity 2212K, committed 2304K, reserved 1048576K
}

Deoptimization events (10 events):
Event: 15.294 Thread 0x000001df83972800 Uncommon trap: reason=class_check action=maybe_recompile pc=0x000001df83c86e9c method=scala.collection.mutable.MapBuilder.$plus$eq(Lscala/Tuple2;)Lscala/collection/mutable/MapBuilder; @ 6
Event: 15.294 Thread 0x000001df83972800 Uncommon trap: reason=class_check action=maybe_recompile pc=0x000001df83c86e9c method=scala.collection.mutable.MapBuilder.$plus$eq(Lscala/Tuple2;)Lscala/collection/mutable/MapBuilder; @ 6
Event: 15.294 Thread 0x000001df83972800 Uncommon trap: reason=class_check action=maybe_recompile pc=0x000001df84014728 method=scala.collection.mutable.MapBuilder.$plus$eq(Lscala/Tuple2;)Lscala/collection/mutable/MapBuilder; @ 6
Event: 15.314 Thread 0x000001df83972800 Uncommon trap: reason=speculate_class_check action=maybe_recompile pc=0x000001df843acd54 method=scala.collection.LinearSeqOptimized.last()Ljava/lang/Object; @ 30
Event: 15.328 Thread 0x000001df83972800 Uncommon trap: reason=speculate_class_check action=maybe_recompile pc=0x000001df843acd54 method=scala.collection.LinearSeqOptimized.last()Ljava/lang/Object; @ 30
Event: 15.328 Thread 0x000001df83972800 Uncommon trap: reason=speculate_class_check action=maybe_recompile pc=0x000001df843acd54 method=scala.collection.LinearSeqOptimized.last()Ljava/lang/Object; @ 30
Event: 15.335 Thread 0x000001df83972800 Uncommon trap: reason=speculate_class_check action=maybe_recompile pc=0x000001df843acd54 method=scala.collection.LinearSeqOptimized.last()Ljava/lang/Object; @ 30
Event: 15.396 Thread 0x000001df83972800 Uncommon trap: reason=unstable_if action=reinterpret pc=0x000001df83fd6130 method=scala.collection.immutable.HashMap$HashTrieMap.get0(Ljava/lang/Object;II)Lscala/Option; @ 13
Event: 15.397 Thread 0x000001df83972800 Uncommon trap: reason=unstable_if action=reinterpret pc=0x000001df83fd9fbc method=scala.collection.immutable.HashMap$HashTrieMap.get0(Ljava/lang/Object;II)Lscala/Option; @ 13
Event: 15.493 Thread 0x000001df83972800 Uncommon trap: reason=unstable_if action=reinterpret pc=0x000001df83df7b74 method=scala.runtime.BoxesRunTime.equalsNumNum(Ljava/lang/Number;Ljava/lang/Number;)Z @ 60

Classes redefined (0 events):
No events

Internal exceptions (10 events):
Event: 8.175 Thread 0x000001df83972800 Exception <a 'java/lang/NoSuchMethodError': java.lang.Object.$anonfun$count$1$adapted(Lscala/Function1;Lscala/runtime/IntRef;Ljava/lang/Object;)Ljava/lang/Object;> (0x00000000ec9bffe8) thrown at [C:\re\workspace\8-2-build-windows-amd64-cygwin\jdk8u231\136
Event: 8.336 Thread 0x000001df83972800 Exception <a 'java/lang/NoSuchMethodError': java.lang.Object.$anonfun$sliding$1(Lscala/collection/IterableLike;Lscala/collection/Seq;)Ljava/lang/Object;> (0x00000000eee2f070) thrown at [C:\re\workspace\8-2-build-windows-amd64-cygwin\jdk8u231\13620\hotspot
Event: 8.345 Thread 0x000001df83972800 Exception <a 'java/lang/NoSuchMethodError': java.lang.Object.$anonfun$sum$1(Lscala/math/Numeric;Ljava/lang/Object;Ljava/lang/Object;)Ljava/lang/Object;> (0x00000000eee782c8) thrown at [C:\re\workspace\8-2-build-windows-amd64-cygwin\jdk8u231\13620\hotspot\
Event: 8.359 Thread 0x000001df83972800 Exception <a 'java/lang/NoSuchMethodError': java.lang.Object.$anonfun$releaseVersion$1$adapted(Ljava/lang/String;)Ljava/lang/Object;> (0x00000000eeebf1b0) thrown at [C:\re\workspace\8-2-build-windows-amd64-cygwin\jdk8u231\13620\hotspot\src\share\vm\interp
Event: 8.360 Thread 0x000001df83972800 Exception <a 'java/lang/NoSuchMethodError': java.lang.Object.$anonfun$releaseVersion$2(Ljava/lang/String;)Ljava/lang/String;> (0x00000000eeec9b88) thrown at [C:\re\workspace\8-2-build-windows-amd64-cygwin\jdk8u231\13620\hotspot\src\share\vm\interpreter\li
Event: 8.361 Thread 0x000001df83972800 Exception <a 'java/lang/NoSuchMethodError': java.lang.Object.$anonfun$developmentVersion$1$adapted(Ljava/lang/String;)Ljava/lang/Object;> (0x00000000eeecdd20) thrown at [C:\re\workspace\8-2-build-windows-amd64-cygwin\jdk8u231\13620\hotspot\src\share\vm\in
Event: 8.361 Thread 0x000001df83972800 Exception <a 'java/lang/NoSuchMethodError': java.lang.Object.$anonfun$developmentVersion$2(Lscala/util/PropertiesTrait;Ljava/lang/String;)Lscala/Option;> (0x00000000eeed1ae8) thrown at [C:\re\workspace\8-2-build-windows-amd64-cygwin\jdk8u231\13620\hotspot
Event: 8.404 Thread 0x000001df83972800 Exception <a 'java/lang/NoSuchMethodError': java.lang.Object.$anonfun$distinct$1(Lscala/collection/mutable/Builder;Lscala/collection/mutable/HashSet;Ljava/lang/Object;)Ljava/lang/Object;> (0x00000000eef67378) thrown at [C:\re\workspace\8-2-build-windows-a
Event: 8.489 Thread 0x000001df83972800 Exception <a 'java/lang/NoSuchMethodError': java.lang.Object.$anonfun$addString$1(Lscala/collection/mutable/StringBuilder;Ljava/lang/String;Lscala/runtime/BooleanRef;Ljava/lang/Object;)Ljava/lang/Object;> (0x00000000ef17d1c0) thrown at [C:\re\workspace\8-
Event: 15.489 Thread 0x000001df83972800 Exception <a 'java/lang/NoSuchMethodError': java.lang.Object.$anonfun$filterImpl$1(Lscala/Function1;ZLscala/collection/mutable/Builder;Ljava/lang/Object;)Ljava/lang/Object;> (0x00000000f5360828) thrown at [C:\re\workspace\8-2-build-windows-amd64-cygwin\jd

Events (10 events):
Event: 15.493 Thread 0x000001df83972800 DEOPT PACKING pc=0x000001df83df7b74 sp=0x00000083cffe8c90
Event: 15.493 Thread 0x000001df83972800 DEOPT UNPACKING pc=0x000001df83ac5843 sp=0x00000083cffe8bc0 mode 2
Event: 15.538 loading class java/util/function/UnaryOperator
Event: 15.539 loading class java/util/function/UnaryOperator done
Event: 15.539 loading class java/util/function/Consumer
Event: 15.539 loading class java/util/function/Consumer done
Event: 15.539 loading class java/util/function/Predicate
Event: 15.539 loading class java/util/function/Predicate done
Event: 15.539 loading class java/util/stream/Stream
Event: 15.540 loading class java/util/stream/Stream done


Dynamic libraries:
0x00007ff6e99f0000 - 0x00007ff6e9a0c000 	C:\Users\wima9\anaconda3\envs\pydatavenv\python.exe
0x00007fff0fb50000 - 0x00007fff0fd46000 	C:\WINDOWS\SYSTEM32\ntdll.dll
0x00007fff0f0e0000 - 0x00007fff0f19d000 	C:\WINDOWS\System32\KERNEL32.DLL
0x00007fff0d680000 - 0x00007fff0d948000 	C:\WINDOWS\System32\KERNELBASE.dll
0x00007fff0d460000 - 0x00007fff0d560000 	C:\WINDOWS\System32\ucrtbase.dll
0x00007fff02b60000 - 0x00007fff02b75000 	C:\Users\wima9\anaconda3\envs\pydatavenv\VCRUNTIME140.dll
0x00007ffee0400000 - 0x00007ffee07c3000 	C:\Users\wima9\anaconda3\envs\pydatavenv\python37.dll
0x00007fff0de30000 - 0x00007fff0de85000 	C:\WINDOWS\System32\SHLWAPI.dll
0x00007fff0fa70000 - 0x00007fff0fb0e000 	C:\WINDOWS\System32\msvcrt.dll
0x00007fff0de90000 - 0x00007fff0defb000 	C:\WINDOWS\System32\WS2_32.dll
0x00007fff0dc50000 - 0x00007fff0dd74000 	C:\WINDOWS\System32\RPCRT4.dll
0x00007fff07ba0000 - 0x00007fff07baa000 	C:\WINDOWS\SYSTEM32\VERSION.dll
0x00007fff0f480000 - 0x00007fff0f52a000 	C:\WINDOWS\System32\ADVAPI32.dll
0x00007fff0efc0000 - 0x00007fff0f05b000 	C:\WINDOWS\System32\sechost.dll
0x00007fff0cbf0000 - 0x00007fff0cc08000 	C:\WINDOWS\SYSTEM32\CRYPTSP.dll
0x00007fff0c350000 - 0x00007fff0c384000 	C:\WINDOWS\system32\rsaenh.dll
0x00007fff0db30000 - 0x00007fff0db57000 	C:\WINDOWS\System32\bcrypt.dll
0x00007fff0cc10000 - 0x00007fff0cc1c000 	C:\WINDOWS\SYSTEM32\CRYPTBASE.dll
0x00007fff0dab0000 - 0x00007fff0db2f000 	C:\WINDOWS\System32\bcryptPrimitives.dll
0x00007ffef8480000 - 0x00007ffef848f000 	C:\Users\wima9\anaconda3\envs\pydatavenv\python3.DLL
0x00007ffef62c0000 - 0x00007ffef62d8000 	C:\Users\wima9\anaconda3\envs\pydatavenv\DLLs\_bz2.pyd
0x00007ffef3720000 - 0x00007ffef3750000 	C:\Users\wima9\anaconda3\envs\pydatavenv\DLLs\_lzma.pyd
0x00007ffef8210000 - 0x00007ffef821d000 	C:\Users\wima9\anaconda3\envs\pydatavenv\DLLs\_hashlib.pyd
0x00007ffee50e0000 - 0x00007ffee5429000 	C:\Users\wima9\anaconda3\Library\bin\libcrypto-1_1-x64.dll
0x00007fff0ed40000 - 0x00007fff0eee0000 	C:\WINDOWS\System32\USER32.dll
0x00007fff0d600000 - 0x00007fff0d622000 	C:\WINDOWS\System32\win32u.dll
0x00007fff0f6e0000 - 0x00007fff0f70a000 	C:\WINDOWS\System32\GDI32.dll
0x00007fff0d350000 - 0x00007fff0d459000 	C:\WINDOWS\System32\gdi32full.dll
0x00007fff0d560000 - 0x00007fff0d5fd000 	C:\WINDOWS\System32\msvcp_win.dll
0x00007fff0df60000 - 0x00007fff0df90000 	C:\WINDOWS\System32\IMM32.DLL
0x00007ffef36f0000 - 0x00007ffef3713000 	C:\Users\wima9\anaconda3\envs\pydatavenv\DLLs\_ctypes.pyd
0x00007fff0e4c0000 - 0x00007fff0e5ea000 	C:\WINDOWS\System32\ole32.dll
0x00007fff0f710000 - 0x00007fff0fa65000 	C:\WINDOWS\System32\combase.dll
0x00007fff0f380000 - 0x00007fff0f44d000 	C:\WINDOWS\System32\OLEAUT32.dll
0x00007fff0e600000 - 0x00007fff0ed40000 	C:\WINDOWS\System32\shell32.DLL
0x00007ffef3530000 - 0x00007ffef3547000 	C:\Users\wima9\anaconda3\envs\pydatavenv\DLLs\_sqlite3.pyd
0x00007ffeec990000 - 0x00007ffeecb0e000 	C:\Users\wima9\anaconda3\Library\bin\sqlite3.dll
0x00007ffef3510000 - 0x00007ffef3525000 	C:\Users\wima9\anaconda3\envs\pydatavenv\DLLs\_socket.pyd
0x00007ffef7b30000 - 0x00007ffef7b39000 	C:\Users\wima9\anaconda3\envs\pydatavenv\DLLs\select.pyd
0x00007ffef2ee0000 - 0x00007ffef2eff000 	C:\Users\wima9\anaconda3\envs\pydatavenv\DLLs\_ssl.pyd
0x00007fff0d950000 - 0x00007fff0daad000 	C:\WINDOWS\System32\CRYPT32.dll
0x00007ffef7020000 - 0x00007ffef70cc000 	C:\Users\wima9\anaconda3\Library\bin\libssl-1_1-x64.dll
0x00007ffef2e50000 - 0x00007ffef2e64000 	C:\Users\wima9\anaconda3\envs\pydatavenv\DLLs\_asyncio.pyd
0x00007ffef47d0000 - 0x00007ffef47dd000 	C:\Users\wima9\anaconda3\envs\pydatavenv\DLLs\_overlapped.pyd
0x00007fff0c9c0000 - 0x00007fff0ca2a000 	C:\WINDOWS\system32\mswsock.dll
0x00007ffeeb8d0000 - 0x00007ffeeb9d8000 	C:\Users\wima9\anaconda3\envs\pydatavenv\DLLs\unicodedata.pyd
0x00007ffef36e0000 - 0x00007ffef36e9000 	C:\Users\wima9\anaconda3\envs\pydatavenv\DLLs\_queue.pyd
0x00007ffef16c0000 - 0x00007ffef16d5000 	C:\Users\wima9\anaconda3\envs\pydatavenv\lib\site-packages\zmq\backend\cython\constants.cp37-win_amd64.pyd
0x00007ffef2e40000 - 0x00007ffef2e4c000 	C:\Users\wima9\anaconda3\envs\pydatavenv\lib\site-packages\zmq\backend\cython\error.cp37-win_amd64.pyd
0x00007ffef56c0000 - 0x00007ffef5736000 	C:\Users\wima9\anaconda3\Library\bin\libzmq-mt-4_3_2.dll
0x00007ffeef920000 - 0x00007ffeef9b1000 	C:\WINDOWS\SYSTEM32\MSVCP140.dll
0x00007fff0c6b0000 - 0x00007fff0c6eb000 	C:\WINDOWS\SYSTEM32\IPHLPAPI.DLL
0x00007ffefaa10000 - 0x00007ffefaa1c000 	C:\WINDOWS\SYSTEM32\VCRUNTIME140_1.dll
0x00007ffef1060000 - 0x00007ffef1079000 	C:\Users\wima9\anaconda3\envs\pydatavenv\lib\site-packages\zmq\backend\cython\message.cp37-win_amd64.pyd
0x00007ffef0b70000 - 0x00007ffef0b84000 	C:\Users\wima9\anaconda3\envs\pydatavenv\lib\site-packages\zmq\backend\cython\context.cp37-win_amd64.pyd
0x00007ffeefc60000 - 0x00007ffeefc84000 	C:\Users\wima9\anaconda3\envs\pydatavenv\lib\site-packages\zmq\backend\cython\socket.cp37-win_amd64.pyd
0x00007ffef1ba0000 - 0x00007ffef1bae000 	C:\Users\wima9\anaconda3\envs\pydatavenv\lib\site-packages\zmq\backend\cython\utils.cp37-win_amd64.pyd
0x00007ffeefc40000 - 0x00007ffeefc53000 	C:\Users\wima9\anaconda3\envs\pydatavenv\lib\site-packages\zmq\backend\cython\_poll.cp37-win_amd64.pyd
0x00007ffef18c0000 - 0x00007ffef18cc000 	C:\Users\wima9\anaconda3\envs\pydatavenv\lib\site-packages\zmq\backend\cython\_version.cp37-win_amd64.pyd
0x00007ffeef900000 - 0x00007ffeef911000 	C:\Users\wima9\anaconda3\envs\pydatavenv\lib\site-packages\zmq\backend\cython\_device.cp37-win_amd64.pyd
0x00007ffef16b0000 - 0x00007ffef16c0000 	C:\Users\wima9\anaconda3\envs\pydatavenv\lib\site-packages\zmq\backend\cython\_proxy_steerable.cp37-win_amd64.pyd
0x00007ffef1650000 - 0x00007ffef1657000 	C:\Users\wima9\anaconda3\envs\pydatavenv\lib\site-packages\tornado\speedups.cp37-win_amd64.pyd
0x00007ffeef8b0000 - 0x00007ffeef8f4000 	C:\Users\wima9\anaconda3\envs\pydatavenv\DLLs\_decimal.pyd
0x00007fff0b100000 - 0x00007fff0b112000 	C:\WINDOWS\SYSTEM32\kernel.appcore.dll
0x00007fff0f450000 - 0x00007fff0f459000 	C:\WINDOWS\System32\NSI.dll
0x00007fff07b70000 - 0x00007fff07b87000 	C:\WINDOWS\SYSTEM32\dhcpcsvc6.DLL
0x00007fff07b50000 - 0x00007fff07b6d000 	C:\WINDOWS\SYSTEM32\dhcpcsvc.DLL
0x00007fff0c6f0000 - 0x00007fff0c7bb000 	C:\WINDOWS\SYSTEM32\DNSAPI.dll
0x000000006b030000 - 0x000000006b054000 	C:\Users\wima9\anaconda3\envs\pydatavenv\lib\site-packages\win32\win32api.pyd
0x000000006b000000 - 0x000000006b026000 	C:\Users\wima9\anaconda3\envs\pydatavenv\lib\site-packages\win32\pywintypes37.dll
0x00007ffeffe70000 - 0x00007ffeffe7c000 	C:\WINDOWS\SYSTEM32\secur32.dll
0x00007fff0d180000 - 0x00007fff0d1bc000 	C:\WINDOWS\SYSTEM32\SSPICLI.DLL
0x000000006afd0000 - 0x000000006aff6000 	C:\Users\wima9\anaconda3\envs\pydatavenv\lib\site-packages\win32\win32security.pyd
0x00007ffeffe50000 - 0x00007ffeffe68000 	C:\WINDOWS\SYSTEM32\NETAPI32.dll
0x00007fff0c7c0000 - 0x00007fff0c7cc000 	C:\WINDOWS\SYSTEM32\NETUTILS.DLL
0x000001df81900000 - 0x000001df81903000 	C:\WINDOWS\SYSTEM32\security.dll
0x00007ffef4ff0000 - 0x00007ffef501a000 	C:\WINDOWS\SYSTEM32\ntdsapi.dll
0x00007fff0c7d0000 - 0x00007fff0c812000 	C:\WINDOWS\SYSTEM32\LOGONCLI.DLL
0x00007ffef9210000 - 0x00007ffef9217000 	C:\Users\wima9\anaconda3\envs\pydatavenv\lib\site-packages\mkl\_mklinit.cp37-win_amd64.pyd
0x00007ffedf1b0000 - 0x00007ffee0038000 	C:\Users\wima9\anaconda3\Library\bin\mkl_rt.dll
0x00007ffeeee10000 - 0x00007ffeeee32000 	C:\Users\wima9\anaconda3\envs\pydatavenv\lib\site-packages\mkl\_py_mkl_service.cp37-win_amd64.pyd
0x00007ffedeee0000 - 0x00007ffedf1a9000 	C:\Users\wima9\anaconda3\envs\pydatavenv\lib\site-packages\numpy\core\_multiarray_umath.cp37-win_amd64.pyd
0x00007ffef3c00000 - 0x00007ffef3c1f000 	C:\Users\wima9\anaconda3\envs\pydatavenv\lib\site-packages\numpy\core\_multiarray_tests.cp37-win_amd64.pyd
0x00007ffef9200000 - 0x00007ffef9209000 	C:\Users\wima9\anaconda3\envs\pydatavenv\lib\site-packages\numpy\linalg\lapack_lite.cp37-win_amd64.pyd
0x00007ffeeec80000 - 0x00007ffeeecaa000 	C:\Users\wima9\anaconda3\envs\pydatavenv\lib\site-packages\numpy\linalg\_umath_linalg.cp37-win_amd64.pyd
0x00007ffeeef20000 - 0x00007ffeeef40000 	C:\Users\wima9\anaconda3\envs\pydatavenv\lib\site-packages\numpy\fft\_pocketfft_internal.cp37-win_amd64.pyd
0x00007ffeee550000 - 0x00007ffeee5df000 	C:\Users\wima9\anaconda3\envs\pydatavenv\lib\site-packages\numpy\random\mtrand.cp37-win_amd64.pyd
0x00007ffeeeb70000 - 0x00007ffeeeb99000 	C:\Users\wima9\anaconda3\envs\pydatavenv\lib\site-packages\numpy\random\bit_generator.cp37-win_amd64.pyd
0x00007ffeee7f0000 - 0x00007ffeee821000 	C:\Users\wima9\anaconda3\envs\pydatavenv\lib\site-packages\numpy\random\_common.cp37-win_amd64.pyd
0x00007ffeee790000 - 0x00007ffeee7d0000 	C:\Users\wima9\anaconda3\envs\pydatavenv\lib\site-packages\numpy\random\_bounded_integers.cp37-win_amd64.pyd
0x00007ffeeedf0000 - 0x00007ffeeee08000 	C:\Users\wima9\anaconda3\envs\pydatavenv\lib\site-packages\numpy\random\_mt19937.cp37-win_amd64.pyd
0x00007ffeeeb50000 - 0x00007ffeeeb67000 	C:\Users\wima9\anaconda3\envs\pydatavenv\lib\site-packages\numpy\random\_philox.cp37-win_amd64.pyd
0x00007ffeee770000 - 0x00007ffeee785000 	C:\Users\wima9\anaconda3\envs\pydatavenv\lib\site-packages\numpy\random\_pcg64.cp37-win_amd64.pyd
0x00007ffeee3f0000 - 0x00007ffeee402000 	C:\Users\wima9\anaconda3\envs\pydatavenv\lib\site-packages\numpy\random\_sfc64.cp37-win_amd64.pyd
0x00007ffeed170000 - 0x00007ffeed214000 	C:\Users\wima9\anaconda3\envs\pydatavenv\lib\site-packages\numpy\random\_generator.cp37-win_amd64.pyd
0x00007ffed12c0000 - 0x00007ffed324e000 	C:\Users\wima9\anaconda3\Library\bin\mkl_intel_thread.dll
0x00007ffecce40000 - 0x00007ffed12b1000 	C:\Users\wima9\anaconda3\Library\bin\mkl_core.dll
0x00007ffec0220000 - 0x00007ffec2456000 	C:\Users\wima9\anaconda3\Library\bin\mkl_def.dll
0x00007ffeddba0000 - 0x00007ffede237000 	C:\Users\wima9\anaconda3\Library\bin\mkl_vml_def.dll
0x00007fff06cb0000 - 0x00007fff06d2f000 	C:\WINDOWS\System32\fwpuclnt.dll
0x00007fff06bb0000 - 0x00007fff06bba000 	C:\Windows\System32\rasadhlp.dll
0x00007ffeeb6e0000 - 0x00007ffeeb782000 	C:\Users\wima9\anaconda3\envs\pydatavenv\lib\site-packages\_jpype.cp37-win_amd64.pyd
0x00007ffeeaa00000 - 0x00007ffeeaad0000 	C:\Users\wima9\anaconda3\envs\pydatavenv\lib\site-packages\brotli\_brotli.cp37-win_amd64.pyd
0x00007ffeeecd0000 - 0x00007ffeeed03000 	C:\Users\wima9\anaconda3\envs\pydatavenv\lib\site-packages\_cffi_backend.cp37-win_amd64.pyd
0x00007ffeeec40000 - 0x00007ffeeec75000 	C:\Users\wima9\anaconda3\envs\pydatavenv\DLLs\_elementtree.pyd
0x00007ffeed130000 - 0x00007ffeed162000 	C:\Users\wima9\anaconda3\envs\pydatavenv\DLLs\pyexpat.pyd
0x00007ffee0250000 - 0x00007ffee03f8000 	C:\Users\wima9\anaconda3\envs\pydatavenv\lib\site-packages\lxml\etree.cp37-win_amd64.pyd
0x00007ffeeb4a0000 - 0x00007ffeeb4da000 	C:\Users\wima9\anaconda3\Library\bin\libxslt.dll
0x00007ffeeecb0000 - 0x00007ffeeecc8000 	C:\Users\wima9\anaconda3\Library\bin\libexslt.dll
0x00007ffee94e0000 - 0x00007ffee961d000 	C:\Users\wima9\anaconda3\Library\bin\libxml2.dll
0x00007ffef5020000 - 0x00007ffef5029000 	C:\WINDOWS\SYSTEM32\WSOCK32.dll
0x00007ffeea7b0000 - 0x00007ffeea89a000 	C:\Users\wima9\anaconda3\Library\bin\iconv.dll
0x00007ffeeec20000 - 0x00007ffeeec39000 	C:\Users\wima9\anaconda3\Library\bin\zlib.dll
0x00007ffef0560000 - 0x00007ffef0569000 	C:\Users\wima9\anaconda3\Library\bin\charset.dll
0x00007ffeeb880000 - 0x00007ffeeb8ac000 	C:\Users\wima9\anaconda3\envs\pydatavenv\lib\site-packages\lxml\_elementpath.cp37-win_amd64.pyd
0x000000006a630000 - 0x000000006aed6000 	C:\Program Files\Java\jdk1.8.0_231\jre\bin\server\jvm.dll
0x00007fff0e5f0000 - 0x00007fff0e5f8000 	C:\WINDOWS\System32\PSAPI.DLL
0x00007fff00a10000 - 0x00007fff00a37000 	C:\WINDOWS\SYSTEM32\WINMM.dll
0x000000006a550000 - 0x000000006a622000 	C:\WINDOWS\SYSTEM32\MSVCR100.dll
0x00007ffef1200000 - 0x00007ffef120f000 	C:\Program Files\Java\jdk1.8.0_231\jre\bin\verify.dll
0x00007ffeec960000 - 0x00007ffeec989000 	C:\Program Files\Java\jdk1.8.0_231\jre\bin\java.dll
0x00007ffeee070000 - 0x00007ffeee086000 	C:\Program Files\Java\jdk1.8.0_231\jre\bin\zip.dll
0x00007fff0b410000 - 0x00007fff0bba4000 	C:\WINDOWS\SYSTEM32\windows.storage.dll
0x00007fff0cca0000 - 0x00007fff0cccc000 	C:\WINDOWS\SYSTEM32\Wldp.dll
0x00007fff0dd80000 - 0x00007fff0de2e000 	C:\WINDOWS\System32\SHCORE.dll
0x00007fff0d1d0000 - 0x00007fff0d1f6000 	C:\WINDOWS\SYSTEM32\profapi.dll
0x00007ffeec940000 - 0x00007ffeec95a000 	C:\Program Files\Java\jdk1.8.0_231\jre\bin\net.dll
0x00007ffeeb8b0000 - 0x00007ffeeb8c2000 	C:\Program Files\Java\jdk1.8.0_231\jre\bin\nio.dll

VM Arguments:
jvm_args: -Dfile.encoding=UTF8 -ea -Xmx1024m 
java_command: <unknown>
java_class_path (initial): C:\Users\wima9\anaconda3\envs\pydatavenv\lib\site-packages\konlpy\java;C:\Users\wima9\anaconda3\envs\pydatavenv\lib\site-packages\konlpy\java\bin;C:\Users\wima9\anaconda3\envs\pydatavenv\lib\site-packages\konlpy\java\*;C:\Users\wima9\anaconda3\envs\pydatavenv\lib\site-packages\konlpy\java\jhannanum-0.8.4.jar;C:\Users\wima9\anaconda3\envs\pydatavenv\lib\site-packages\konlpy\java\kkma-2.0.jar;C:\Users\wima9\anaconda3\envs\pydatavenv\lib\site-packages\konlpy\java\aho-corasick.jar;C:\Users\wima9\anaconda3\envs\pydatavenv\lib\site-packages\konlpy\java\shineware-common-1.0.jar;C:\Users\wima9\anaconda3\envs\pydatavenv\lib\site-packages\konlpy\java\shineware-ds-1.0.jar;C:\Users\wima9\anaconda3\envs\pydatavenv\lib\site-packages\konlpy\java\komoran-3.0.jar;C:\Users\wima9\anaconda3\envs\pydatavenv\lib\site-packages\konlpy\java\snakeyaml-1.12.jar;C:\Users\wima9\anaconda3\envs\pydatavenv\lib\site-packages\konlpy\java\scala-library-2.12.3.jar;C:\Users\wima9\anaconda3\envs\pydatavenv\lib\site-packages\konlpy\java\open-korean-text-2.1.0.jar;C:\Users\wima9\anaconda3\envs\pydatavenv\lib\site-packages\konlpy\java\twitter-text-1.14.7.jar;C:\Users\wima9\anaconda3\envs\pydatavenv\lib\site-packages\konlpy\java\*
Launcher Type: generic

Environment Variables:
JAVA_HOME=C:\Program Files\Java\jdk1.8.0_231
PATH=C:\Users\wima9\anaconda3;C:\Users\wima9\anaconda3\Library\mingw-w64\bin;C:\Users\wima9\anaconda3\Library\usr\bin;C:\Users\wima9\anaconda3\Library\bin;C:\Users\wima9\anaconda3\Scripts;C:\Users\wima9\anaconda3\bin;C:\Users\wima9\anaconda3\condabin;C:\Program Files\Java\jdk1.8.0_231\bin;C:\Program Files (x86)\Common Files\Oracle\Java\javapath;C:\WINDOWS\system32;C:\WINDOWS;C:\WINDOWS\System32\Wbem;C:\WINDOWS\System32\WindowsPowerShell\v1.0;C:\WINDOWS\System32\OpenSSH;C:\Program Files\Git\cmd;C:\Program Files\PuTTY;C:\Users\wima9\AppData\Local\Programs\Python\Python37\Scripts;C:\Users\wima9\AppData\Local\Programs\Python\Python37;C:\Python38\Scripts;C:\Python38;C:\Users\wima9\AppData\Local\Microsoft\WindowsApps;.;C:\Users\wima9\AppData\Local\Programs\Microsoft VS Code\bin;C:\Program Files\JetBrains\PyCharm Community Edition 2020.1.3\bin;.;C:\Program Files\JetBrains\IntelliJ IDEA 2020.2.1\bin;.;C:\Program Files\JetBrains\IntelliJ IDEA Community Edition 2020.2.1\bin;.;C:\Users\wima9\anaconda3\envs\pydatavenv\lib\site-packages\numpy\.libs
USERNAME=wima9
OS=Windows_NT
PROCESSOR_IDENTIFIER=AMD64 Family 21 Model 48 Stepping 1, AuthenticAMD



---------------  S Y S T E M  ---------------

OS: Windows 10.0 , 64 bit Build 19041 (10.0.19041.546)

CPU:total 4 (initial active 4) (4 cores per cpu, 1 threads per core) family 21 model 48 stepping 1, cmov, cx8, fxsr, mmx, sse, sse2, sse3, ssse3, sse4.1, sse4.2, popcnt, avx, aes, clmul, mmxext, 3dnowpref, lzcnt, sse4a, tsc, tscinvbit, tscinv, bmi1

Memory: 4k page, physical 7259752k(2467548k free), swap 14612648k(4778060k free)

vm_info: Java HotSpot(TM) 64-Bit Server VM (25.231-b11) for windows-amd64 JRE (1.8.0_231-b11), built on Oct  5 2019 03:11:30 by "java_re" with MS VC++ 10.0 (VS2010)

time: Sat Nov 07 14:39:00 2020
timezone: 대한민국 표준시
elapsed time: 15 seconds (0d 0h 0m 15s)

